<?xml version="1.0" encoding="UTF-8"?>
<!-- Generated by org.testng.reporters.JUnitXMLReporter -->
<testsuite ignored="0" hostname="DESKTOP-NHPVION" failures="0" tests="9" name="Default test" time="0.159" errors="0" timestamp="2024-01-02T16:56:09 PKT">
  <testcase classname="TESTN.Parametarization" name="testWithDynamicDataProvider" time="0.029"/>
  <testcase classname="TESTN.Parametarization" name="testWithDynamicDataProvider" time="0.002"/>
  <testcase classname="TESTN.Parametarization" name="testWithDynamicDataProvider" time="0.001"/>
  <testcase classname="TESTN.Parametarization" name="testWithMixedTypesDataProvider" time="0.003"/>
  <testcase classname="TESTN.Parametarization" name="testWithMixedTypesDataProvider" time="0.002"/>
  <testcase classname="TESTN.Parametarization" name="testWithMixedTypesDataProvider" time="0.001"/>
  <testcase classname="TESTN.Parametarization" name="testWithSimpleDataProvider" time="0.005"/>
  <testcase classname="TESTN.Parametarization" name="testWithSimpleDataProvider" time="0.002"/>
  <testcase classname="TESTN.Parametarization" name="testWithSimpleDataProvider" time="0.001"/>
</testsuite> <!-- Default test -->
