<?xml version="1.0" encoding="UTF-8"?>
<!-- Generated by org.testng.reporters.JUnitXMLReporter -->
<testsuite ignored="1" hostname="DESKTOP-NHPVION" failures="0" tests="18" name="executePackage" time="1.221" errors="0" timestamp="2024-01-02T10:17:21 PKT">
  <testcase classname="TESTN.DataProviderExample" name="dataProviderTest" time="0.018"/>
  <testcase classname="TESTN.DataProviderExample" name="dataProviderTest" time="0.001"/>
  <testcase classname="TESTN.DataProviderExample" name="dataProviderTest" time="0.002"/>
  <testcase classname="TESTN.DummyPractice" name="testMethod1" time="0.004"/>
  <testcase classname="TESTN.DummyPractice" name="exceptionTest" time="0.006"/>
  <testcase classname="TESTN.DummyPractice" name="parameterizedTest" time="0.003"/>
  <testcase classname="TESTN.DummyPractice" name="testMethod2" time="0.002"/>
  <testcase classname="TESTN.DummyPractice" name="testMethod3" time="0.001"/>
  <testcase classname="TESTN.DummyPractice" name="timeoutTest" time="1.029"/>
  <testcase classname="TESTN.DummyPractice" name="dependentTest" time="0.001"/>
  <testcase classname="TESTN.Include_and_Exclude_TestNG" name="How" time="0.002"/>
  <testcase classname="TESTN.Include_and_Exclude_TestNG" name="Now" time="0.003"/>
  <testcase classname="TESTN.Include_and_Exclude_TestNG" name="PointerInfo" time="0.001"/>
  <testcase classname="TESTN.Include_and_Exclude_TestNG" name="login" time="0.002"/>
  <testcase classname="TESTN.Include_and_Exclude_TestNG" name="sign" time="0.001"/>
  <testcase classname="TESTN.Include_and_Exclude_TestNG" name="signHaneef" time="0.001"/>
  <testcase classname="TESTN.Include_and_Exclude_TestNG" name="signRahman" time="0.001"/>
  <testcase classname="TESTN.Include_and_Exclude_TestNG" name="signed" time="0.001"/>
  <testcase classname="TESTN.DummyPractice" name="disabledTest" time="0.0">
    <ignored/>
  </testcase> <!-- disabledTest -->
</testsuite> <!-- executePackage -->
