<?xml version="1.0" encoding="UTF-8"?>
<!-- Generated by org.testng.reporters.JUnitXMLReporter -->
<testsuite ignored="13" hostname="DESKTOP-NHPVION" failures="0" tests="3" name="Test" time="0.062" errors="0" timestamp="2024-01-02T10:14:49 PKT">
  <testcase classname="TESTN.Include_and_Exclude_TestNG" name="How" time="0.012"/>
  <testcase classname="TESTN.Include_and_Exclude_TestNG" name="PointerInfo" time="0.001"/>
  <testcase classname="TESTN.Include_and_Exclude_TestNG" name="login" time="0.002"/>
  <testcase classname="TESTN.Include_and_Exclude_TestNG" name="sign" time="0.0">
    <ignored/>
  </testcase> <!-- sign -->
  <testcase classname="TESTN.DummyPractice" name="testMethod1" time="0.0">
    <ignored/>
  </testcase> <!-- testMethod1 -->
  <testcase classname="TESTN.DummyPractice" name="disabledTest" time="0.0">
    <ignored/>
  </testcase> <!-- disabledTest -->
  <testcase classname="TESTN.DummyPractice" name="testMethod3" time="0.0">
    <ignored/>
  </testcase> <!-- testMethod3 -->
  <testcase classname="TESTN.Include_and_Exclude_TestNG" name="signed" time="0.0">
    <ignored/>
  </testcase> <!-- signed -->
  <testcase classname="TESTN.Include_and_Exclude_TestNG" name="signHaneef" time="0.0">
    <ignored/>
  </testcase> <!-- signHaneef -->
  <testcase classname="TESTN.DummyPractice" name="exceptionTest" time="0.0">
    <ignored/>
  </testcase> <!-- exceptionTest -->
  <testcase classname="TESTN.DummyPractice" name="timeoutTest" time="0.0">
    <ignored/>
  </testcase> <!-- timeoutTest -->
  <testcase classname="TESTN.Include_and_Exclude_TestNG" name="signRahman" time="0.0">
    <ignored/>
  </testcase> <!-- signRahman -->
  <testcase classname="TESTN.DummyPractice" name="parameterizedTest" time="0.0">
    <ignored/>
  </testcase> <!-- parameterizedTest -->
  <testcase classname="TESTN.DummyPractice" name="dependentTest" time="0.0">
    <ignored/>
  </testcase> <!-- dependentTest -->
  <testcase classname="TESTN.Include_and_Exclude_TestNG" name="Now" time="0.0">
    <ignored/>
  </testcase> <!-- Now -->
  <testcase classname="TESTN.DummyPractice" name="testMethod2" time="0.0">
    <ignored/>
  </testcase> <!-- testMethod2 -->
</testsuite> <!-- Test -->
