<?xml version="1.0" encoding="UTF-8"?>
<testng-results ignored="0" total="9" passed="9" failed="0" skipped="0">
  <reporter-output>
  </reporter-output>
  <suite started-at="2024-01-02T16:56:08 PKT" name="Default suite" finished-at="2024-01-02T16:56:09 PKT" duration-ms="159">
    <groups>
    </groups>
    <test started-at="2024-01-02T16:56:08 PKT" name="Default test" finished-at="2024-01-02T16:56:09 PKT" duration-ms="159">
      <class name="TESTN.Parametarization">
        <test-method signature="testWithDynamicDataProvider(java.lang.String,int)[pri:0, instance:TESTN.Parametarization@702657cc]" started-at="2024-01-02T16:56:09 PKT" name="testWithDynamicDataProvider" data-provider="dynamicDataProvider" finished-at="2024-01-02T16:56:09 PKT" duration-ms="29" status="PASS">
          <params>
            <param index="0">
              <value>
                <![CDATA[RandomString1704196568983]]>
              </value>
            </param>
            <param index="1">
              <value>
                <![CDATA[41]]>
              </value>
            </param>
          </params>
          <reporter-output>
          </reporter-output>
        </test-method> <!-- testWithDynamicDataProvider -->
        <test-method signature="testWithDynamicDataProvider(java.lang.String,int)[pri:0, instance:TESTN.Parametarization@702657cc]" started-at="2024-01-02T16:56:09 PKT" name="testWithDynamicDataProvider" data-provider="dynamicDataProvider" finished-at="2024-01-02T16:56:09 PKT" duration-ms="2" status="PASS">
          <params>
            <param index="0">
              <value>
                <![CDATA[RandomString1704196568983]]>
              </value>
            </param>
            <param index="1">
              <value>
                <![CDATA[76]]>
              </value>
            </param>
          </params>
          <reporter-output>
          </reporter-output>
        </test-method> <!-- testWithDynamicDataProvider -->
        <test-method signature="testWithDynamicDataProvider(java.lang.String,int)[pri:0, instance:TESTN.Parametarization@702657cc]" started-at="2024-01-02T16:56:09 PKT" name="testWithDynamicDataProvider" data-provider="dynamicDataProvider" finished-at="2024-01-02T16:56:09 PKT" duration-ms="1" status="PASS">
          <params>
            <param index="0">
              <value>
                <![CDATA[RandomString1704196568983]]>
              </value>
            </param>
            <param index="1">
              <value>
                <![CDATA[8]]>
              </value>
            </param>
          </params>
          <reporter-output>
          </reporter-output>
        </test-method> <!-- testWithDynamicDataProvider -->
        <test-method signature="testWithMixedTypesDataProvider(java.lang.String,int,boolean)[pri:0, instance:TESTN.Parametarization@702657cc]" started-at="2024-01-02T16:56:09 PKT" name="testWithMixedTypesDataProvider" data-provider="mixedTypesDataProvider" finished-at="2024-01-02T16:56:09 PKT" duration-ms="3" status="PASS">
          <params>
            <param index="0">
              <value>
                <![CDATA[Haneef]]>
              </value>
            </param>
            <param index="1">
              <value>
                <![CDATA[25]]>
              </value>
            </param>
            <param index="2">
              <value>
                <![CDATA[true]]>
              </value>
            </param>
          </params>
          <reporter-output>
          </reporter-output>
        </test-method> <!-- testWithMixedTypesDataProvider -->
        <test-method signature="testWithMixedTypesDataProvider(java.lang.String,int,boolean)[pri:0, instance:TESTN.Parametarization@702657cc]" started-at="2024-01-02T16:56:09 PKT" name="testWithMixedTypesDataProvider" data-provider="mixedTypesDataProvider" finished-at="2024-01-02T16:56:09 PKT" duration-ms="2" status="PASS">
          <params>
            <param index="0">
              <value>
                <![CDATA[Arsalan]]>
              </value>
            </param>
            <param index="1">
              <value>
                <![CDATA[30]]>
              </value>
            </param>
            <param index="2">
              <value>
                <![CDATA[true]]>
              </value>
            </param>
          </params>
          <reporter-output>
          </reporter-output>
        </test-method> <!-- testWithMixedTypesDataProvider -->
        <test-method signature="testWithMixedTypesDataProvider(java.lang.String,int,boolean)[pri:0, instance:TESTN.Parametarization@702657cc]" started-at="2024-01-02T16:56:09 PKT" name="testWithMixedTypesDataProvider" data-provider="mixedTypesDataProvider" finished-at="2024-01-02T16:56:09 PKT" duration-ms="1" status="PASS">
          <params>
            <param index="0">
              <value>
                <![CDATA[Abdul Rahman]]>
              </value>
            </param>
            <param index="1">
              <value>
                <![CDATA[22]]>
              </value>
            </param>
            <param index="2">
              <value>
                <![CDATA[true]]>
              </value>
            </param>
          </params>
          <reporter-output>
          </reporter-output>
        </test-method> <!-- testWithMixedTypesDataProvider -->
        <test-method signature="testWithSimpleDataProvider(java.lang.String,java.lang.String)[pri:0, instance:TESTN.Parametarization@702657cc]" started-at="2024-01-02T16:56:09 PKT" name="testWithSimpleDataProvider" data-provider="simpleDataProvider" finished-at="2024-01-02T16:56:09 PKT" duration-ms="5" status="PASS">
          <params>
            <param index="0">
              <value>
                <![CDATA[Haneef ]]>
              </value>
            </param>
            <param index="1">
              <value>
                <![CDATA[Khan]]>
              </value>
            </param>
          </params>
          <reporter-output>
          </reporter-output>
        </test-method> <!-- testWithSimpleDataProvider -->
        <test-method signature="testWithSimpleDataProvider(java.lang.String,java.lang.String)[pri:0, instance:TESTN.Parametarization@702657cc]" started-at="2024-01-02T16:56:09 PKT" name="testWithSimpleDataProvider" data-provider="simpleDataProvider" finished-at="2024-01-02T16:56:09 PKT" duration-ms="2" status="PASS">
          <params>
            <param index="0">
              <value>
                <![CDATA[Arsalan]]>
              </value>
            </param>
            <param index="1">
              <value>
                <![CDATA[Bhai]]>
              </value>
            </param>
          </params>
          <reporter-output>
          </reporter-output>
        </test-method> <!-- testWithSimpleDataProvider -->
        <test-method signature="testWithSimpleDataProvider(java.lang.String,java.lang.String)[pri:0, instance:TESTN.Parametarization@702657cc]" started-at="2024-01-02T16:56:09 PKT" name="testWithSimpleDataProvider" data-provider="simpleDataProvider" finished-at="2024-01-02T16:56:09 PKT" duration-ms="1" status="PASS">
          <params>
            <param index="0">
              <value>
                <![CDATA[Abdul Rahman]]>
              </value>
            </param>
            <param index="1">
              <value>
                <![CDATA[bhai]]>
              </value>
            </param>
          </params>
          <reporter-output>
          </reporter-output>
        </test-method> <!-- testWithSimpleDataProvider -->
      </class> <!-- TESTN.Parametarization -->
    </test> <!-- Default test -->
  </suite> <!-- Default suite -->
</testng-results>
